<?xml version="1.0" encoding="UTF-8"?>
<testng-results ignored="0" total="1" passed="1" failed="0" skipped="0">
  <reporter-output>
    <line>
      <![CDATA[Reading url from Property File]]>
    </line>
    <line>
      <![CDATA[launching URL]]>
    </line>
    <line>
      <![CDATA[Wait for 2000 ms]]>
    </line>
    <line>
      <![CDATA[clicking on signIn button]]>
    </line>
    <line>
      <![CDATA[Wait for 1000 ms]]>
    </line>
    <line>
      <![CDATA[Reading mobNum from Property File]]>
    </line>
    <line>
      <![CDATA[clicking on signIn]]>
    </line>
    <line>
      <![CDATA[Reading password from Property File]]>
    </line>
    <line>
      <![CDATA[Sending Access Pin]]>
    </line>
    <line>
      <![CDATA[clicking submit]]>
    </line>
    <line>
      <![CDATA[Wait for 10000 ms]]>
    </line>
    <line>
      <![CDATA[Validating user ID]]>
    </line>
    <line>
      <![CDATA[Reading expAccName from Property File]]>
    </line>
    <line>
      <![CDATA[Wait for 1000 ms]]>
    </line>
    <line>
      <![CDATA[Validating ValidatesIDAndFunds , TC is passed...]]>
    </line>
    <line>
      <![CDATA[Taking ValidatesIDAndFunds screenshot]]>
    </line>
    <line>
      <![CDATA[logging out...]]>
    </line>
    <line>
      <![CDATA[Wait for 1000 ms]]>
    </line>
  </reporter-output>
  <suite started-at="2022-12-09T17:05:29 IST" name="Suite" finished-at="2022-12-09T17:05:46 IST" duration-ms="17409">
    <groups>
    </groups>
    <test started-at="2022-12-09T17:05:29 IST" name="Test" finished-at="2022-12-09T17:05:46 IST" duration-ms="17409">
      <class name="neoStoxTestClasses.ValidatesUserId">
        <test-method is-config="true" signature="launchBrowser()[pri:0, instance:neoStoxTestClasses.ValidatesUserId@2805d709]" started-at="2022-12-09T17:05:29 IST" name="launchBrowser" finished-at="2022-12-09T17:05:36 IST" duration-ms="7102" status="PASS">
          <reporter-output>
            <line>
              <![CDATA[Reading url from Property File]]>
            </line>
            <line>
              <![CDATA[launching URL]]>
            </line>
            <line>
              <![CDATA[Wait for 2000 ms]]>
            </line>
          </reporter-output>
        </test-method> <!-- launchBrowser -->
        <test-method is-config="true" signature="loginToNeoStox()[pri:0, instance:neoStoxTestClasses.ValidatesUserId@2805d709]" started-at="2022-12-09T17:05:36 IST" name="loginToNeoStox" finished-at="2022-12-09T17:05:39 IST" duration-ms="3125" status="PASS">
          <reporter-output>
            <line>
              <![CDATA[clicking on signIn button]]>
            </line>
            <line>
              <![CDATA[Wait for 1000 ms]]>
            </line>
            <line>
              <![CDATA[Reading mobNum from Property File]]>
            </line>
            <line>
              <![CDATA[clicking on signIn]]>
            </line>
            <line>
              <![CDATA[Reading password from Property File]]>
            </line>
            <line>
              <![CDATA[Sending Access Pin]]>
            </line>
            <line>
              <![CDATA[clicking submit]]>
            </line>
            <line>
              <![CDATA[Wait for 10000 ms]]>
            </line>
          </reporter-output>
        </test-method> <!-- loginToNeoStox -->
        <test-method signature="ValidatesIDAndFunds()[pri:0, instance:neoStoxTestClasses.ValidatesUserId@2805d709]" started-at="2022-12-09T17:05:39 IST" name="ValidatesIDAndFunds" finished-at="2022-12-09T17:05:45 IST" duration-ms="5861" status="PASS">
          <reporter-output>
            <line>
              <![CDATA[Validating user ID]]>
            </line>
            <line>
              <![CDATA[Reading expAccName from Property File]]>
            </line>
            <line>
              <![CDATA[Wait for 1000 ms]]>
            </line>
            <line>
              <![CDATA[Validating ValidatesIDAndFunds , TC is passed...]]>
            </line>
            <line>
              <![CDATA[Taking ValidatesIDAndFunds screenshot]]>
            </line>
          </reporter-output>
        </test-method> <!-- ValidatesIDAndFunds -->
        <test-method is-config="true" signature="logoutFromNeostox()[pri:0, instance:neoStoxTestClasses.ValidatesUserId@2805d709]" started-at="2022-12-09T17:05:45 IST" name="logoutFromNeostox" finished-at="2022-12-09T17:05:46 IST" duration-ms="585" status="PASS">
          <reporter-output>
            <line>
              <![CDATA[logging out...]]>
            </line>
            <line>
              <![CDATA[Wait for 1000 ms]]>
            </line>
          </reporter-output>
        </test-method> <!-- logoutFromNeostox -->
        <test-method is-config="true" signature="closeBrowser()[pri:0, instance:neoStoxTestClasses.ValidatesUserId@2805d709]" started-at="2022-12-09T17:05:46 IST" name="closeBrowser" finished-at="2022-12-09T17:05:46 IST" duration-ms="281" status="PASS">
          <reporter-output>
          </reporter-output>
        </test-method> <!-- closeBrowser -->
      </class> <!-- neoStoxTestClasses.ValidatesUserId -->
    </test> <!-- Test -->
  </suite> <!-- Suite -->
</testng-results>
